[0m14:04:27.137684 [debug] [MainThread]: Sending event: {'category': 'dbt', 'action': 'invocation', 'label': 'start', 'context': [<snowplow_tracker.self_describing_json.SelfDescribingJson object at 0x000002D16C5F5D90>, <snowplow_tracker.self_describing_json.SelfDescribingJson object at 0x000002D16E2F64E0>, <snowplow_tracker.self_describing_json.SelfDescribingJson object at 0x000002D16E2F7B60>]}


============================== 14:04:27.196681 | 78b97be4-4ecf-4c11-821e-702f594eb49e ==============================
[0m14:04:27.196681 [info ] [MainThread]: Running with dbt=1.10.10
[0m14:04:27.197455 [debug] [MainThread]: running dbt with arguments {'partial_parse': 'True', 'static_parser': 'True', 'send_anonymous_usage_stats': 'True', 'version_check': 'True', 'cache_selected_only': 'False', 'target_path': 'None', 'use_colors': 'True', 'invocation_command': 'dbt init', 'log_format': 'default', 'warn_error': 'None', 'introspect': 'True', 'debug': 'False', 'log_cache_events': 'False', 'fail_fast': 'False', 'no_print': 'None', 'use_experimental_parser': 'False', 'empty': 'None', 'printer_width': '80', 'quiet': 'False', 'indirect_selection': 'eager', 'log_path': 'logs', 'write_json': 'True', 'warn_error_options': 'WarnErrorOptionsV2(error=[], warn=[], silence=[])', 'profiles_dir': 'C:\\Users\\vrbsr\\.dbt'}
[0m14:05:06.507948 [debug] [MainThread]: Starter project path: C:\Users\vrbsr\OneDrive\Desktop\All_Files\Projects\DBT_Databricks_project\.venv\Lib\site-packages\dbt\include\starter_project
[0m14:05:06.577454 [info ] [MainThread]: 
Your new dbt project "dbt_databricks_proj" was created!

For more information on how to configure the profiles.yml file,
please consult the dbt documentation here:

  https://docs.getdbt.com/docs/configure-your-profile

One more thing:

Need help? Don't hesitate to reach out to us via GitHub issues or on Slack:

  https://community.getdbt.com/

Happy modeling!

[0m14:05:06.577454 [info ] [MainThread]: Setting up your profile.
[0m14:05:15.045670 [debug] [MainThread]: Spark adapter: Setting pyhive.hive logging to ERROR
[0m14:05:15.045670 [debug] [MainThread]: Spark adapter: Setting thrift.transport logging to ERROR
[0m14:05:15.045670 [debug] [MainThread]: Spark adapter: Setting thrift.protocol logging to ERROR
[0m14:11:12.198214 [info ] [MainThread]: Profile dbt_databricks_proj written to C:\Users\vrbsr\.dbt\profiles.yml using target's profile_template.yml and your supplied values. Run 'dbt debug' to validate the connection.
[0m14:11:12.198214 [debug] [MainThread]: Command `dbt init` succeeded at 14:11:12.198214 after 405.30 seconds
[0m14:11:12.206677 [debug] [MainThread]: Sending event: {'category': 'dbt', 'action': 'invocation', 'label': 'end', 'context': [<snowplow_tracker.self_describing_json.SelfDescribingJson object at 0x000002D16E84E630>, <snowplow_tracker.self_describing_json.SelfDescribingJson object at 0x000002D11E149730>, <snowplow_tracker.self_describing_json.SelfDescribingJson object at 0x000002D11E945AF0>]}
[0m14:11:12.207914 [debug] [MainThread]: Flushing usage events
[0m14:11:13.138095 [debug] [MainThread]: An error was encountered while trying to flush usage events
[0m14:11:27.493850 [debug] [MainThread]: Sending event: {'category': 'dbt', 'action': 'invocation', 'label': 'start', 'context': [<snowplow_tracker.self_describing_json.SelfDescribingJson object at 0x000001EC08034440>, <snowplow_tracker.self_describing_json.SelfDescribingJson object at 0x000001EC05DB11F0>, <snowplow_tracker.self_describing_json.SelfDescribingJson object at 0x000001EC05ED9400>]}


============================== 14:11:27.498160 | 6ee31a65-1966-402a-886a-8bee145bac1c ==============================
[0m14:11:27.498160 [info ] [MainThread]: Running with dbt=1.10.10
[0m14:11:27.498160 [debug] [MainThread]: running dbt with arguments {'partial_parse': 'True', 'profiles_dir': 'C:\\Users\\vrbsr\\.dbt', 'send_anonymous_usage_stats': 'True', 'warn_error': 'None', 'cache_selected_only': 'False', 'target_path': 'None', 'version_check': 'True', 'invocation_command': 'dbt debug', 'log_format': 'default', 'use_colors': 'True', 'introspect': 'True', 'debug': 'False', 'log_cache_events': 'False', 'fail_fast': 'False', 'no_print': 'None', 'use_experimental_parser': 'False', 'quiet': 'False', 'empty': 'None', 'printer_width': '80', 'indirect_selection': 'eager', 'log_path': 'logs', 'write_json': 'True', 'warn_error_options': 'WarnErrorOptionsV2(error=[], warn=[], silence=[])', 'static_parser': 'True'}
[0m14:11:27.548681 [info ] [MainThread]: dbt version: 1.10.10
[0m14:11:27.548681 [info ] [MainThread]: python version: 3.12.8
[0m14:11:27.548681 [info ] [MainThread]: python path: C:\Users\vrbsr\OneDrive\Desktop\All_Files\Projects\DBT_Databricks_project\.venv\Scripts\python.exe
[0m14:11:27.548681 [info ] [MainThread]: os info: Windows-11-10.0.26100-SP0
[0m14:11:27.557981 [info ] [MainThread]: Error importing adapter: No module named 'dbt.adapters.snowflake'
[0m14:11:28.863806 [debug] [MainThread]: Spark adapter: Setting pyhive.hive logging to ERROR
[0m14:11:28.863806 [debug] [MainThread]: Spark adapter: Setting thrift.transport logging to ERROR
[0m14:11:28.863806 [debug] [MainThread]: Spark adapter: Setting thrift.protocol logging to ERROR
[0m14:11:29.940370 [info ] [MainThread]: Using profiles dir at C:\Users\vrbsr\.dbt
[0m14:11:29.940370 [info ] [MainThread]: Using profiles.yml file at C:\Users\vrbsr\.dbt\profiles.yml
[0m14:11:29.943024 [info ] [MainThread]: Using dbt_project.yml file at C:\Users\vrbsr\OneDrive\Desktop\All_Files\Projects\DBT_Databricks_project\dbt_project.yml
[0m14:11:29.943024 [info ] [MainThread]: Configuration:
[0m14:11:29.945995 [info ] [MainThread]:   profiles.yml file [[31mERROR invalid[0m]
[0m14:11:29.945995 [info ] [MainThread]:   dbt_project.yml file [[31mERROR not found[0m]
[0m14:11:29.945995 [info ] [MainThread]: Required dependencies:
[0m14:11:29.948006 [debug] [MainThread]: Executing "git --help"
[0m14:11:30.008981 [debug] [MainThread]: STDOUT: "b"usage: git [-v | --version] [-h | --help] [-C <path>] [-c <name>=<value>]\n           [--exec-path[=<path>]] [--html-path] [--man-path] [--info-path]\n           [-p | --paginate | -P | --no-pager] [--no-replace-objects] [--no-lazy-fetch]\n           [--no-optional-locks] [--no-advice] [--bare] [--git-dir=<path>]\n           [--work-tree=<path>] [--namespace=<name>] [--config-env=<name>=<envvar>]\n           <command> [<args>]\n\nThese are common Git commands used in various situations:\n\nstart a working area (see also: git help tutorial)\n   clone      Clone a repository into a new directory\n   init       Create an empty Git repository or reinitialize an existing one\n\nwork on the current change (see also: git help everyday)\n   add        Add file contents to the index\n   mv         Move or rename a file, a directory, or a symlink\n   restore    Restore working tree files\n   rm         Remove files from the working tree and from the index\n\nexamine the history and state (see also: git help revisions)\n   bisect     Use binary search to find the commit that introduced a bug\n   diff       Show changes between commits, commit and working tree, etc\n   grep       Print lines matching a pattern\n   log        Show commit logs\n   show       Show various types of objects\n   status     Show the working tree status\n\ngrow, mark and tweak your common history\n   backfill   Download missing objects in a partial clone\n   branch     List, create, or delete branches\n   commit     Record changes to the repository\n   merge      Join two or more development histories together\n   rebase     Reapply commits on top of another base tip\n   reset      Reset current HEAD to the specified state\n   switch     Switch branches\n   tag        Create, list, delete or verify a tag object signed with GPG\n\ncollaborate (see also: git help workflows)\n   fetch      Download objects and refs from another repository\n   pull       Fetch from and integrate with another repository or a local branch\n   push       Update remote refs along with associated objects\n\n'git help -a' and 'git help -g' list available subcommands and some\nconcept guides. See 'git help <command>' or 'git help <concept>'\nto read about a specific subcommand or concept.\nSee 'git help git' for an overview of the system.\n""
[0m14:11:30.008981 [debug] [MainThread]: STDERR: "b''"
[0m14:11:30.008981 [info ] [MainThread]:  - git [[32mOK found[0m]

[0m14:11:30.008981 [info ] [MainThread]: Connection test skipped since no profile was found
[0m14:11:30.008981 [info ] [MainThread]: [31m2 checks failed:[0m
[0m14:11:30.008981 [info ] [MainThread]: Could not load dbt_project.yml
Profile loading failed for the following reason:
Runtime Error
  Credentials in profile "data_pipeline", target "dev" invalid: Runtime Error
    Could not find adapter type snowflake!


[0m14:11:30.008981 [info ] [MainThread]: Project loading failed for the following reason:
 project path <C:\Users\vrbsr\OneDrive\Desktop\All_Files\Projects\DBT_Databricks_project\dbt_project.yml> not found

[0m14:11:30.015365 [debug] [MainThread]: Command `dbt debug` failed at 14:11:30.015365 after 2.78 seconds
[0m14:11:30.015365 [debug] [MainThread]: Sending event: {'category': 'dbt', 'action': 'invocation', 'label': 'end', 'context': [<snowplow_tracker.self_describing_json.SelfDescribingJson object at 0x000001EC079C0380>, <snowplow_tracker.self_describing_json.SelfDescribingJson object at 0x000001EC08455A60>, <snowplow_tracker.self_describing_json.SelfDescribingJson object at 0x000001EC08454B00>]}
[0m14:11:30.018959 [debug] [MainThread]: Flushing usage events
[0m14:11:30.476762 [debug] [MainThread]: An error was encountered while trying to flush usage events
[0m16:57:10.208621 [debug] [MainThread]: Sending event: {'category': 'dbt', 'action': 'invocation', 'label': 'start', 'context': [<snowplow_tracker.self_describing_json.SelfDescribingJson object at 0x000001D2653ED7C0>, <snowplow_tracker.self_describing_json.SelfDescribingJson object at 0x000001D262A7C2C0>, <snowplow_tracker.self_describing_json.SelfDescribingJson object at 0x000001D265EAA810>]}


============================== 16:57:10.221220 | 14c0f44d-94ad-49b7-bcdd-e634eb90dc7e ==============================
[0m16:57:10.221220 [info ] [MainThread]: Running with dbt=1.10.10
[0m16:57:10.221220 [debug] [MainThread]: running dbt with arguments {'partial_parse': 'True', 'profiles_dir': 'C:\\Users\\vrbsr\\.dbt', 'send_anonymous_usage_stats': 'True', 'use_colors': 'True', 'cache_selected_only': 'False', 'target_path': 'None', 'warn_error': 'None', 'invocation_command': 'dbt run', 'log_format': 'default', 'version_check': 'True', 'introspect': 'True', 'debug': 'False', 'printer_width': '80', 'fail_fast': 'False', 'no_print': 'None', 'empty': 'False', 'use_experimental_parser': 'False', 'quiet': 'False', 'log_cache_events': 'False', 'indirect_selection': 'eager', 'log_path': 'logs', 'write_json': 'True', 'warn_error_options': 'WarnErrorOptionsV2(error=[], warn=[], silence=[])', 'static_parser': 'True'}
[0m16:57:10.224960 [error] [MainThread]: Encountered an error:
Runtime Error
  No dbt_project.yml found at expected path C:\Users\vrbsr\OneDrive\Desktop\All_Files\Projects\DBT_Databricks_project\dbt_project.yml
  Verify that each entry within packages.yml (and their transitive dependencies) contains a file named dbt_project.yml
  
[0m16:57:10.224960 [debug] [MainThread]: Command `dbt run` failed at 16:57:10.224960 after 0.23 seconds
[0m16:57:10.224960 [debug] [MainThread]: Sending event: {'category': 'dbt', 'action': 'invocation', 'label': 'end', 'context': [<snowplow_tracker.self_describing_json.SelfDescribingJson object at 0x000001D266035EE0>, <snowplow_tracker.self_describing_json.SelfDescribingJson object at 0x000001D2663DF4D0>, <snowplow_tracker.self_describing_json.SelfDescribingJson object at 0x000001D266357B60>]}
[0m16:57:10.224960 [debug] [MainThread]: Flushing usage events
[0m16:57:10.708222 [debug] [MainThread]: An error was encountered while trying to flush usage events
